<?xml version="1.0" encoding="UTF-8"?>
<testng-results ignored="0" total="6" passed="5" failed="1" skipped="0">
  <reporter-output>
  </reporter-output>
  <suite started-at="2021-07-06T16:08:32 ICT" name="Default suite" finished-at="2021-07-06T16:14:00 ICT" duration-ms="327587">
    <groups>
    </groups>
    <test started-at="2021-07-06T16:08:32 ICT" name="Default test" finished-at="2021-07-06T16:14:00 ICT" duration-ms="327587">
      <class name="tests.OrderTest">
        <test-method is-config="true" signature="openBrowser()[pri:0, instance:tests.OrderTest@229d10bd]" started-at="2021-07-06T16:08:32 ICT" name="openBrowser" finished-at="2021-07-06T16:08:59 ICT" duration-ms="27039" status="PASS">
          <reporter-output>
          </reporter-output>
        </test-method> <!-- openBrowser -->
        <test-method signature="creatOrder(java.lang.String)[pri:0, instance:tests.OrderTest@229d10bd]" started-at="2021-07-06T16:08:59 ICT" name="creatOrder" data-provider="ProductTitle" finished-at="2021-07-06T16:09:30 ICT" duration-ms="30614" status="PASS">
          <params>
            <param index="0">
              <value>
                <![CDATA[Sisters before misters]]>
              </value>
            </param>
          </params>
          <reporter-output>
          </reporter-output>
        </test-method> <!-- creatOrder -->
        <test-method is-config="true" signature="closeBrowser()[pri:0, instance:tests.OrderTest@229d10bd]" started-at="2021-07-06T16:09:30 ICT" name="closeBrowser" finished-at="2021-07-06T16:09:30 ICT" duration-ms="219" status="PASS">
          <reporter-output>
          </reporter-output>
        </test-method> <!-- closeBrowser -->
        <test-method is-config="true" signature="openBrowser()[pri:0, instance:tests.OrderTest@229d10bd]" started-at="2021-07-06T16:09:30 ICT" name="openBrowser" finished-at="2021-07-06T16:09:52 ICT" duration-ms="21757" status="PASS">
          <reporter-output>
          </reporter-output>
        </test-method> <!-- openBrowser -->
        <test-method signature="creatOrder(java.lang.String)[pri:0, instance:tests.OrderTest@229d10bd]" started-at="2021-07-06T16:09:52 ICT" name="creatOrder" data-provider="ProductTitle" finished-at="2021-07-06T16:10:27 ICT" duration-ms="34627" status="PASS">
          <params>
            <param index="0">
              <value>
                <![CDATA[Sisters before misters]]>
              </value>
            </param>
          </params>
          <reporter-output>
          </reporter-output>
        </test-method> <!-- creatOrder -->
        <test-method is-config="true" signature="closeBrowser()[pri:0, instance:tests.OrderTest@229d10bd]" started-at="2021-07-06T16:10:27 ICT" name="closeBrowser" finished-at="2021-07-06T16:10:27 ICT" duration-ms="306" status="PASS">
          <reporter-output>
          </reporter-output>
        </test-method> <!-- closeBrowser -->
        <test-method is-config="true" signature="openBrowser()[pri:0, instance:tests.OrderTest@229d10bd]" started-at="2021-07-06T16:10:27 ICT" name="openBrowser" finished-at="2021-07-06T16:10:47 ICT" duration-ms="20274" status="PASS">
          <reporter-output>
          </reporter-output>
        </test-method> <!-- openBrowser -->
        <test-method signature="creatOrder(java.lang.String)[pri:0, instance:tests.OrderTest@229d10bd]" started-at="2021-07-06T16:10:47 ICT" name="creatOrder" data-provider="ProductTitle" finished-at="2021-07-06T16:11:23 ICT" duration-ms="36131" status="PASS">
          <params>
            <param index="0">
              <value>
                <![CDATA[Sisters before misters]]>
              </value>
            </param>
          </params>
          <reporter-output>
          </reporter-output>
        </test-method> <!-- creatOrder -->
        <test-method is-config="true" signature="closeBrowser()[pri:0, instance:tests.OrderTest@229d10bd]" started-at="2021-07-06T16:11:23 ICT" name="closeBrowser" finished-at="2021-07-06T16:11:24 ICT" duration-ms="251" status="PASS">
          <reporter-output>
          </reporter-output>
        </test-method> <!-- closeBrowser -->
        <test-method is-config="true" signature="openBrowser()[pri:0, instance:tests.OrderTest@229d10bd]" started-at="2021-07-06T16:11:24 ICT" name="openBrowser" finished-at="2021-07-06T16:11:40 ICT" duration-ms="16380" status="PASS">
          <reporter-output>
          </reporter-output>
        </test-method> <!-- openBrowser -->
        <test-method signature="creatOrder(java.lang.String)[pri:0, instance:tests.OrderTest@229d10bd]" started-at="2021-07-06T16:11:40 ICT" name="creatOrder" data-provider="ProductTitle" finished-at="2021-07-06T16:12:19 ICT" duration-ms="38728" status="PASS">
          <params>
            <param index="0">
              <value>
                <![CDATA[Sisters before misters]]>
              </value>
            </param>
          </params>
          <reporter-output>
          </reporter-output>
        </test-method> <!-- creatOrder -->
        <test-method is-config="true" signature="closeBrowser()[pri:0, instance:tests.OrderTest@229d10bd]" started-at="2021-07-06T16:12:19 ICT" name="closeBrowser" finished-at="2021-07-06T16:12:19 ICT" duration-ms="190" status="PASS">
          <reporter-output>
          </reporter-output>
        </test-method> <!-- closeBrowser -->
        <test-method is-config="true" signature="openBrowser()[pri:0, instance:tests.OrderTest@229d10bd]" started-at="2021-07-06T16:12:19 ICT" name="openBrowser" finished-at="2021-07-06T16:12:45 ICT" duration-ms="26546" status="PASS">
          <reporter-output>
          </reporter-output>
        </test-method> <!-- openBrowser -->
        <test-method signature="creatOrder(java.lang.String)[pri:0, instance:tests.OrderTest@229d10bd]" started-at="2021-07-06T16:12:45 ICT" name="creatOrder" data-provider="ProductTitle" finished-at="2021-07-06T16:13:18 ICT" duration-ms="33048" status="PASS">
          <params>
            <param index="0">
              <value>
                <![CDATA[Sisters before misters]]>
              </value>
            </param>
          </params>
          <reporter-output>
          </reporter-output>
        </test-method> <!-- creatOrder -->
        <test-method is-config="true" signature="closeBrowser()[pri:0, instance:tests.OrderTest@229d10bd]" started-at="2021-07-06T16:13:18 ICT" name="closeBrowser" finished-at="2021-07-06T16:13:19 ICT" duration-ms="228" status="PASS">
          <reporter-output>
          </reporter-output>
        </test-method> <!-- closeBrowser -->
        <test-method is-config="true" signature="openBrowser()[pri:0, instance:tests.OrderTest@229d10bd]" started-at="2021-07-06T16:13:19 ICT" name="openBrowser" finished-at="2021-07-06T16:13:39 ICT" duration-ms="20577" status="PASS">
          <reporter-output>
          </reporter-output>
        </test-method> <!-- openBrowser -->
        <test-method signature="creatOrder(java.lang.String)[pri:0, instance:tests.OrderTest@229d10bd]" started-at="2021-07-06T16:13:39 ICT" name="creatOrder" data-provider="ProductTitle" finished-at="2021-07-06T16:13:59 ICT" duration-ms="20215" status="FAIL">
          <params>
            <param index="0">
              <value>
                <![CDATA[Sisters before misters]]>
              </value>
            </param>
          </params>
          <exception class="java.lang.NoClassDefFoundError">
            <message>
              <![CDATA[Could not initialize class org.openqa.selenium.WebDriverException]]>
            </message>
            <full-stacktrace>
              <![CDATA[java.lang.NoClassDefFoundError: Could not initialize class org.openqa.selenium.WebDriverException
at java.base/jdk.internal.reflect.NativeConstructorAccessorImpl.newInstance0(Native Method)
at java.base/jdk.internal.reflect.NativeConstructorAccessorImpl.newInstance(NativeConstructorAccessorImpl.java:62)
at java.base/jdk.internal.reflect.DelegatingConstructorAccessorImpl.newInstance(DelegatingConstructorAccessorImpl.java:45)
at java.base/java.lang.reflect.Constructor.newInstanceWithCaller(Constructor.java:500)
at java.base/java.lang.reflect.Constructor.newInstance(Constructor.java:481)
at org.openqa.selenium.remote.codec.w3c.W3CHttpResponseCodec.createException(W3CHttpResponseCodec.java:196)
at org.openqa.selenium.remote.codec.w3c.W3CHttpResponseCodec.decode(W3CHttpResponseCodec.java:129)
at org.openqa.selenium.remote.codec.w3c.W3CHttpResponseCodec.decode(W3CHttpResponseCodec.java:53)
at org.openqa.selenium.remote.HttpCommandExecutor.execute(HttpCommandExecutor.java:160)
at org.openqa.selenium.remote.service.DriverCommandExecutor.execute(DriverCommandExecutor.java:83)
at org.openqa.selenium.remote.RemoteWebDriver.execute(RemoteWebDriver.java:582)
at org.openqa.selenium.remote.RemoteWebDriver.findElement(RemoteWebDriver.java:333)
at org.openqa.selenium.remote.RemoteWebDriver.findElementByXPath(RemoteWebDriver.java:451)
at org.openqa.selenium.By$ByXPath.findElement(By.java:394)
at org.openqa.selenium.remote.RemoteWebDriver.findElement(RemoteWebDriver.java:325)
at pages.AddToCart.clickSecureCheckout(AddToCart.java:17)
at tests.OrderTest.creatOrder(OrderTest.java:39)
at java.base/jdk.internal.reflect.NativeMethodAccessorImpl.invoke0(Native Method)
at java.base/jdk.internal.reflect.NativeMethodAccessorImpl.invoke(NativeMethodAccessorImpl.java:62)
at java.base/jdk.internal.reflect.DelegatingMethodAccessorImpl.invoke(DelegatingMethodAccessorImpl.java:43)
at java.base/java.lang.reflect.Method.invoke(Method.java:564)
at org.testng.internal.MethodInvocationHelper.invokeMethod(MethodInvocationHelper.java:132)
at org.testng.internal.TestInvoker.invokeMethod(TestInvoker.java:599)
at org.testng.internal.TestInvoker.invokeTestMethod(TestInvoker.java:174)
at org.testng.internal.MethodRunner.runInSequence(MethodRunner.java:46)
at org.testng.internal.TestInvoker$MethodInvocationAgent.invoke(TestInvoker.java:822)
at org.testng.internal.TestInvoker.invokeTestMethods(TestInvoker.java:147)
at org.testng.internal.TestMethodWorker.invokeTestMethods(TestMethodWorker.java:146)
at org.testng.internal.TestMethodWorker.run(TestMethodWorker.java:128)
at java.base/java.util.ArrayList.forEach(ArrayList.java:1511)
at org.testng.TestRunner.privateRun(TestRunner.java:764)
at org.testng.TestRunner.run(TestRunner.java:585)
at org.testng.SuiteRunner.runTest(SuiteRunner.java:384)
at org.testng.SuiteRunner.runSequentially(SuiteRunner.java:378)
at org.testng.SuiteRunner.privateRun(SuiteRunner.java:337)
at org.testng.SuiteRunner.run(SuiteRunner.java:286)
at org.testng.SuiteRunnerWorker.runSuite(SuiteRunnerWorker.java:53)
at org.testng.SuiteRunnerWorker.run(SuiteRunnerWorker.java:96)
at org.testng.TestNG.runSuitesSequentially(TestNG.java:1218)
at org.testng.TestNG.runSuitesLocally(TestNG.java:1140)
at org.testng.TestNG.runSuites(TestNG.java:1069)
at org.testng.TestNG.run(TestNG.java:1037)
at org.testng.remote.AbstractRemoteTestNG.run(AbstractRemoteTestNG.java:115)
at org.testng.remote.RemoteTestNG.initAndRun(RemoteTestNG.java:251)
at org.testng.remote.RemoteTestNG.main(RemoteTestNG.java:77)
]]>
            </full-stacktrace>
          </exception> <!-- java.lang.NoClassDefFoundError -->
          <reporter-output>
          </reporter-output>
        </test-method> <!-- creatOrder -->
        <test-method is-config="true" signature="closeBrowser()[pri:0, instance:tests.OrderTest@229d10bd]" started-at="2021-07-06T16:13:59 ICT" name="closeBrowser" finished-at="2021-07-06T16:14:00 ICT" duration-ms="235" status="PASS">
          <reporter-output>
          </reporter-output>
        </test-method> <!-- closeBrowser -->
      </class> <!-- tests.OrderTest -->
    </test> <!-- Default test -->
  </suite> <!-- Default suite -->
</testng-results>
